# JRE version: OpenJDK Runtime Environment Temurin-17.0.9+9 (17.0.9+9) (build 17.0.9+9)
# Java VM: OpenJDK 64-Bit Server VM Temurin-17.0.9+9 (17.0.9+9, mixed mode, emulated-client, tiered, compressed oops, compressed class ptrs, g1 gc, windows-amd64)
GC Precious Log:
 CPUs: 16 total, 16 available
 Memory: 15724M
 Large Page Support: Disabled
 NUMA Support: Disabled
 Compressed Oops: Enabled (32-bit)
 Heap Region Size: 1M
 Heap Min Capacity: 8M
 Heap Initial Capacity: 246M
 Heap Max Capacity: 1G
 Pre-touch: Disabled
 Parallel Workers: 13
 Concurrent Workers: 3
 Concurrent Refinement Workers: 13
 Periodic GC: Disabled
Heap:
 garbage-first heap   total 119808K, used 35090K [0x00000000c0000000, 0x0000000100000000)
  region size 1024K, 1 young (1024K), 0 survivors (0K)
 Metaspace       used 58920K, committed 59392K, reserved 1114112K
  class space    used 7326K, committed 7552K, reserved 1048576K
GC Heap History (20 events):
Event: 4082.785 GC heap before
{Heap before GC invocations=335 (full 318):
 garbage-first heap   total 119808K, used 35090K [0x00000000c0000000, 0x0000000100000000)
  region size 1024K, 1 young (1024K), 0 survivors (0K)
 Metaspace       used 58920K, committed 59392K, reserved 1114112K
  class space    used 7326K, committed 7552K, reserved 1048576K
}
Event: 4082.813 GC heap after
{Heap after GC invocations=336 (full 319):
 garbage-first heap   total 119808K, used 35090K [0x00000000c0000000, 0x0000000100000000)
  region size 1024K, 0 young (0K), 0 survivors (0K)
 Metaspace       used 58920K, committed 59392K, reserved 1114112K
  class space    used 7326K, committed 7552K, reserved 1048576K
}
Event: 4092.918 GC heap before
{Heap before GC invocations=336 (full 319):
 garbage-first heap   total 119808K, used 35090K [0x00000000c0000000, 0x0000000100000000)
  region size 1024K, 1 young (1024K), 0 survivors (0K)
 Metaspace       used 58920K, committed 59392K, reserved 1114112K
  class space    used 7326K, committed 7552K, reserved 1048576K
}
Event: 4092.944 GC heap after
{Heap after GC invocations=337 (full 320):
 garbage-first heap   total 119808K, used 35090K [0x00000000c0000000, 0x0000000100000000)
  region size 1024K, 0 young (0K), 0 survivors (0K)
 Metaspace       used 58920K, committed 59392K, reserved 1114112K
  class space    used 7326K, committed 7552K, reserved 1048576K
}
Event: 4103.048 GC heap before
{Heap before GC invocations=337 (full 320):
 garbage-first heap   total 119808K, used 35090K [0x00000000c0000000, 0x0000000100000000)
  region size 1024K, 1 young (1024K), 0 survivors (0K)
 Metaspace       used 58920K, committed 59392K, reserved 1114112K
  class space    used 7326K, committed 7552K, reserved 1048576K
}
Event: 4103.073 GC heap after
{Heap after GC invocations=338 (full 321):
 garbage-first heap   total 119808K, used 35090K [0x00000000c0000000, 0x0000000100000000)
  region size 1024K, 0 young (0K), 0 survivors (0K)
 Metaspace       used 58920K, committed 59392K, reserved 1114112K
  class space    used 7326K, committed 7552K, reserved 1048576K
}
Event: 4113.185 GC heap before
{Heap before GC invocations=338 (full 321):
 garbage-first heap   total 119808K, used 35090K [0x00000000c0000000, 0x0000000100000000)
  region size 1024K, 1 young (1024K), 0 survivors (0K)
 Metaspace       used 58920K, committed 59392K, reserved 1114112K
  class space    used 7326K, committed 7552K, reserved 1048576K
}
Event: 4113.212 GC heap after
{Heap after GC invocations=339 (full 322):
 garbage-first heap   total 119808K, used 35090K [0x00000000c0000000, 0x0000000100000000)
  region size 1024K, 0 young (0K), 0 survivors (0K)
 Metaspace       used 58920K, committed 59392K, reserved 1114112K
  class space    used 7326K, committed 7552K, reserved 1048576K
}
Event: 4123.301 GC heap before
{Heap before GC invocations=339 (full 322):
 garbage-first heap   total 119808K, used 35090K [0x00000000c0000000, 0x0000000100000000)
  region size 1024K, 1 young (1024K), 0 survivors (0K)
 Metaspace       used 58920K, committed 59392K, reserved 1114112K
  class space    used 7326K, committed 7552K, reserved 1048576K
}
Event: 4123.327 GC heap after
{Heap after GC invocations=340 (full 323):
 garbage-first heap   total 119808K, used 35090K [0x00000000c0000000, 0x0000000100000000)
  region size 1024K, 0 young (0K), 0 survivors (0K)
 Metaspace       used 58920K, committed 59392K, reserved 1114112K
  class space    used 7326K, committed 7552K, reserved 1048576K
}
Event: 4133.438 GC heap before
{Heap before GC invocations=340 (full 323):
 garbage-first heap   total 119808K, used 35090K [0x00000000c0000000, 0x0000000100000000)
  region size 1024K, 1 young (1024K), 0 survivors (0K)
 Metaspace       used 58920K, committed 59392K, reserved 1114112K
  class space    used 7326K, committed 7552K, reserved 1048576K
}
Event: 4133.466 GC heap after
{Heap after GC invocations=341 (full 324):
 garbage-first heap   total 119808K, used 35090K [0x00000000c0000000, 0x0000000100000000)
  region size 1024K, 0 young (0K), 0 survivors (0K)
 Metaspace       used 58920K, committed 59392K, reserved 1114112K
  class space    used 7326K, committed 7552K, reserved 1048576K
}
Event: 4143.574 GC heap before
{Heap before GC invocations=341 (full 324):
 garbage-first heap   total 119808K, used 35090K [0x00000000c0000000, 0x0000000100000000)
  region size 1024K, 1 young (1024K), 0 survivors (0K)
 Metaspace       used 58920K, committed 59392K, reserved 1114112K
  class space    used 7326K, committed 7552K, reserved 1048576K
}
Event: 4143.601 GC heap after
{Heap after GC invocations=342 (full 325):
 garbage-first heap   total 119808K, used 35090K [0x00000000c0000000, 0x0000000100000000)
  region size 1024K, 0 young (0K), 0 survivors (0K)
 Metaspace       used 58920K, committed 59392K, reserved 1114112K
  class space    used 7326K, committed 7552K, reserved 1048576K
}
Event: 4153.693 GC heap before
{Heap before GC invocations=342 (full 325):
 garbage-first heap   total 119808K, used 35090K [0x00000000c0000000, 0x0000000100000000)
  region size 1024K, 1 young (1024K), 0 survivors (0K)
 Metaspace       used 58920K, committed 59392K, reserved 1114112K
  class space    used 7326K, committed 7552K, reserved 1048576K
}
Event: 4153.718 GC heap after
{Heap after GC invocations=343 (full 326):
 garbage-first heap   total 119808K, used 35090K [0x00000000c0000000, 0x0000000100000000)
  region size 1024K, 0 young (0K), 0 survivors (0K)
 Metaspace       used 58920K, committed 59392K, reserved 1114112K
  class space    used 7326K, committed 7552K, reserved 1048576K
}
Event: 4163.813 GC heap before
{Heap before GC invocations=343 (full 326):
 garbage-first heap   total 119808K, used 35090K [0x00000000c0000000, 0x0000000100000000)
  region size 1024K, 1 young (1024K), 0 survivors (0K)
 Metaspace       used 58920K, committed 59392K, reserved 1114112K
  class space    used 7326K, committed 7552K, reserved 1048576K
}
Event: 4163.841 GC heap after
{Heap after GC invocations=344 (full 327):
 garbage-first heap   total 119808K, used 35090K [0x00000000c0000000, 0x0000000100000000)
  region size 1024K, 0 young (0K), 0 survivors (0K)
 Metaspace       used 58920K, committed 59392K, reserved 1114112K
  class space    used 7326K, committed 7552K, reserved 1048576K
}
Event: 4174.001 GC heap before
{Heap before GC invocations=344 (full 327):
 garbage-first heap   total 119808K, used 35090K [0x00000000c0000000, 0x0000000100000000)
  region size 1024K, 1 young (1024K), 0 survivors (0K)
 Metaspace       used 58920K, committed 59392K, reserved 1114112K
  class space    used 7326K, committed 7552K, reserved 1048576K
}
Event: 4174.034 GC heap after
{Heap after GC invocations=345 (full 328):
 garbage-first heap   total 119808K, used 35090K [0x00000000c0000000, 0x0000000100000000)
  region size 1024K, 0 young (0K), 0 survivors (0K)
 Metaspace       used 58920K, committed 59392K, reserved 1114112K
  class space    used 7326K, committed 7552K, reserved 1048576K
}

