# JRE version: OpenJDK Runtime Environment Temurin-17.0.9+9 (17.0.9+9) (build 17.0.9+9)
# Java VM: OpenJDK 64-Bit Server VM Temurin-17.0.9+9 (17.0.9+9, mixed mode, tiered, compressed oops, compressed class ptrs, parallel gc, windows-amd64)
GC Precious Log:
 CPUs: 16 total, 16 available
 Memory: 15724M
 Large Page Support: Disabled
 NUMA Support: Disabled
 Compressed Oops: Enabled (32-bit)
 Alignments: Space 512K, Generation 512K, Heap 2M
 Heap Min Capacity: 100M
 Heap Initial Capacity: 100M
 Heap Max Capacity: 1G
 Pre-touch: Disabled
 Parallel Workers: 13
Heap:
 PSYoungGen      total 16896K, used 8148K [0x00000000eab00000, 0x00000000ebd00000, 0x0000000100000000)
  eden space 15360K, 44% used [0x00000000eab00000,0x00000000eb1aa1c0,0x00000000eba00000)
  from space 1536K, 86% used [0x00000000ebb80000,0x00000000ebccb138,0x00000000ebd00000)
  to   space 1536K, 0% used [0x00000000eba00000,0x00000000eba00000,0x00000000ebb80000)
 ParOldGen       total 68608K, used 55863K [0x00000000c0000000, 0x00000000c4300000, 0x00000000eab00000)
  object space 68608K, 81% used [0x00000000c0000000,0x00000000c368df80,0x00000000c4300000)
 Metaspace       used 65777K, committed 67008K, reserved 1114112K
  class space    used 6916K, committed 7424K, reserved 1048576K
GC Heap History (20 events):
Event: 11.692 GC heap before
{Heap before GC invocations=41 (full 3):
 PSYoungGen      total 18432K, used 18359K [0x00000000eab00000, 0x00000000ebf80000, 0x0000000100000000)
  eden space 16896K, 100% used [0x00000000eab00000,0x00000000ebb80000,0x00000000ebb80000)
  from space 1536K, 95% used [0x00000000ebb80000,0x00000000ebcedd20,0x00000000ebd00000)
  to   space 2048K, 0% used [0x00000000ebd80000,0x00000000ebd80000,0x00000000ebf80000)
 ParOldGen       total 68608K, used 45943K [0x00000000c0000000, 0x00000000c4300000, 0x00000000eab00000)
  object space 68608K, 66% used [0x00000000c0000000,0x00000000c2cddfc0,0x00000000c4300000)
 Metaspace       used 64794K, committed 65984K, reserved 1114112K
  class space    used 6847K, committed 7360K, reserved 1048576K
}
Event: 11.697 GC heap after
{Heap after GC invocations=41 (full 3):
 PSYoungGen      total 17408K, used 2045K [0x00000000eab00000, 0x00000000ec280000, 0x0000000100000000)
  eden space 15360K, 0% used [0x00000000eab00000,0x00000000eab00000,0x00000000eba00000)
  from space 2048K, 99% used [0x00000000ebd80000,0x00000000ebf7f770,0x00000000ebf80000)
  to   space 3584K, 0% used [0x00000000eba00000,0x00000000eba00000,0x00000000ebd80000)
 ParOldGen       total 68608K, used 47085K [0x00000000c0000000, 0x00000000c4300000, 0x00000000eab00000)
  object space 68608K, 68% used [0x00000000c0000000,0x00000000c2dfb650,0x00000000c4300000)
 Metaspace       used 64794K, committed 65984K, reserved 1114112K
  class space    used 6847K, committed 7360K, reserved 1048576K
}
Event: 11.884 GC heap before
{Heap before GC invocations=42 (full 3):
 PSYoungGen      total 17408K, used 17405K [0x00000000eab00000, 0x00000000ec280000, 0x0000000100000000)
  eden space 15360K, 99% used [0x00000000eab00000,0x00000000eb9fffc8,0x00000000eba00000)
  from space 2048K, 99% used [0x00000000ebd80000,0x00000000ebf7f770,0x00000000ebf80000)
  to   space 3584K, 0% used [0x00000000eba00000,0x00000000eba00000,0x00000000ebd80000)
 ParOldGen       total 68608K, used 47085K [0x00000000c0000000, 0x00000000c4300000, 0x00000000eab00000)
  object space 68608K, 68% used [0x00000000c0000000,0x00000000c2dfb650,0x00000000c4300000)
 Metaspace       used 65342K, committed 66560K, reserved 1114112K
  class space    used 6876K, committed 7424K, reserved 1048576K
}
Event: 11.887 GC heap after
{Heap after GC invocations=42 (full 3):
 PSYoungGen      total 17408K, used 1542K [0x00000000eab00000, 0x00000000ebf00000, 0x0000000100000000)
  eden space 15360K, 0% used [0x00000000eab00000,0x00000000eab00000,0x00000000eba00000)
  from space 2048K, 75% used [0x00000000eba00000,0x00000000ebb81ae0,0x00000000ebc00000)
  to   space 2560K, 0% used [0x00000000ebc80000,0x00000000ebc80000,0x00000000ebf00000)
 ParOldGen       total 68608K, used 47643K [0x00000000c0000000, 0x00000000c4300000, 0x00000000eab00000)
  object space 68608K, 69% used [0x00000000c0000000,0x00000000c2e86d68,0x00000000c4300000)
 Metaspace       used 65342K, committed 66560K, reserved 1114112K
  class space    used 6876K, committed 7424K, reserved 1048576K
}
Event: 12.017 GC heap before
{Heap before GC invocations=43 (full 3):
 PSYoungGen      total 17408K, used 16902K [0x00000000eab00000, 0x00000000ebf00000, 0x0000000100000000)
  eden space 15360K, 100% used [0x00000000eab00000,0x00000000eba00000,0x00000000eba00000)
  from space 2048K, 75% used [0x00000000eba00000,0x00000000ebb81ae0,0x00000000ebc00000)
  to   space 2560K, 0% used [0x00000000ebc80000,0x00000000ebc80000,0x00000000ebf00000)
 ParOldGen       total 68608K, used 47643K [0x00000000c0000000, 0x00000000c4300000, 0x00000000eab00000)
  object space 68608K, 69% used [0x00000000c0000000,0x00000000c2e86d68,0x00000000c4300000)
 Metaspace       used 65485K, committed 66688K, reserved 1114112K
  class space    used 6889K, committed 7424K, reserved 1048576K
}
Event: 12.020 GC heap after
{Heap after GC invocations=43 (full 3):
 PSYoungGen      total 17408K, used 1592K [0x00000000eab00000, 0x00000000ebe80000, 0x0000000100000000)
  eden space 15360K, 0% used [0x00000000eab00000,0x00000000eab00000,0x00000000eba00000)
  from space 2048K, 77% used [0x00000000ebc80000,0x00000000ebe0e098,0x00000000ebe80000)
  to   space 2048K, 0% used [0x00000000eba00000,0x00000000eba00000,0x00000000ebc00000)
 ParOldGen       total 68608K, used 48611K [0x00000000c0000000, 0x00000000c4300000, 0x00000000eab00000)
  object space 68608K, 70% used [0x00000000c0000000,0x00000000c2f78d88,0x00000000c4300000)
 Metaspace       used 65485K, committed 66688K, reserved 1114112K
  class space    used 6889K, committed 7424K, reserved 1048576K
}
Event: 12.092 GC heap before
{Heap before GC invocations=44 (full 3):
 PSYoungGen      total 17408K, used 16952K [0x00000000eab00000, 0x00000000ebe80000, 0x0000000100000000)
  eden space 15360K, 100% used [0x00000000eab00000,0x00000000eba00000,0x00000000eba00000)
  from space 2048K, 77% used [0x00000000ebc80000,0x00000000ebe0e098,0x00000000ebe80000)
  to   space 2048K, 0% used [0x00000000eba00000,0x00000000eba00000,0x00000000ebc00000)
 ParOldGen       total 68608K, used 48611K [0x00000000c0000000, 0x00000000c4300000, 0x00000000eab00000)
  object space 68608K, 70% used [0x00000000c0000000,0x00000000c2f78d88,0x00000000c4300000)
 Metaspace       used 65502K, committed 66752K, reserved 1114112K
  class space    used 6889K, committed 7424K, reserved 1048576K
}
Event: 12.095 GC heap after
{Heap after GC invocations=44 (full 3):
 PSYoungGen      total 17408K, used 2043K [0x00000000eab00000, 0x00000000ebf00000, 0x0000000100000000)
  eden space 15360K, 0% used [0x00000000eab00000,0x00000000eab00000,0x00000000eba00000)
  from space 2048K, 99% used [0x00000000eba00000,0x00000000ebbfedc8,0x00000000ebc00000)
  to   space 2560K, 0% used [0x00000000ebc80000,0x00000000ebc80000,0x00000000ebf00000)
 ParOldGen       total 68608K, used 49890K [0x00000000c0000000, 0x00000000c4300000, 0x00000000eab00000)
  object space 68608K, 72% used [0x00000000c0000000,0x00000000c30b8ac0,0x00000000c4300000)
 Metaspace       used 65502K, committed 66752K, reserved 1114112K
  class space    used 6889K, committed 7424K, reserved 1048576K
}
Event: 12.256 GC heap before
{Heap before GC invocations=45 (full 3):
 PSYoungGen      total 17408K, used 17403K [0x00000000eab00000, 0x00000000ebf00000, 0x0000000100000000)
  eden space 15360K, 100% used [0x00000000eab00000,0x00000000eba00000,0x00000000eba00000)
  from space 2048K, 99% used [0x00000000eba00000,0x00000000ebbfedc8,0x00000000ebc00000)
  to   space 2560K, 0% used [0x00000000ebc80000,0x00000000ebc80000,0x00000000ebf00000)
 ParOldGen       total 68608K, used 49890K [0x00000000c0000000, 0x00000000c4300000, 0x00000000eab00000)
  object space 68608K, 72% used [0x00000000c0000000,0x00000000c30b8ac0,0x00000000c4300000)
 Metaspace       used 65587K, committed 66752K, reserved 1114112K
  class space    used 6901K, committed 7424K, reserved 1048576K
}
Event: 12.260 GC heap after
{Heap after GC invocations=45 (full 3):
 PSYoungGen      total 16896K, used 1146K [0x00000000eab00000, 0x00000000ebe00000, 0x0000000100000000)
  eden space 15360K, 0% used [0x00000000eab00000,0x00000000eab00000,0x00000000eba00000)
  from space 1536K, 74% used [0x00000000ebc80000,0x00000000ebd9e9b0,0x00000000ebe00000)
  to   space 1536K, 0% used [0x00000000ebb00000,0x00000000ebb00000,0x00000000ebc80000)
 ParOldGen       total 68608K, used 51591K [0x00000000c0000000, 0x00000000c4300000, 0x00000000eab00000)
  object space 68608K, 75% used [0x00000000c0000000,0x00000000c3261c68,0x00000000c4300000)
 Metaspace       used 65587K, committed 66752K, reserved 1114112K
  class space    used 6901K, committed 7424K, reserved 1048576K
}
Event: 12.324 GC heap before
{Heap before GC invocations=46 (full 3):
 PSYoungGen      total 16896K, used 16506K [0x00000000eab00000, 0x00000000ebe00000, 0x0000000100000000)
  eden space 15360K, 100% used [0x00000000eab00000,0x00000000eba00000,0x00000000eba00000)
  from space 1536K, 74% used [0x00000000ebc80000,0x00000000ebd9e9b0,0x00000000ebe00000)
  to   space 1536K, 0% used [0x00000000ebb00000,0x00000000ebb00000,0x00000000ebc80000)
 ParOldGen       total 68608K, used 51591K [0x00000000c0000000, 0x00000000c4300000, 0x00000000eab00000)
  object space 68608K, 75% used [0x00000000c0000000,0x00000000c3261c68,0x00000000c4300000)
 Metaspace       used 65611K, committed 66816K, reserved 1114112K
  class space    used 6904K, committed 7424K, reserved 1048576K
}
Event: 12.326 GC heap after
{Heap after GC invocations=46 (full 3):
 PSYoungGen      total 15872K, used 416K [0x00000000eab00000, 0x00000000ebd00000, 0x0000000100000000)
  eden space 15360K, 0% used [0x00000000eab00000,0x00000000eab00000,0x00000000eba00000)
  from space 512K, 81% used [0x00000000ebb00000,0x00000000ebb68000,0x00000000ebb80000)
  to   space 1024K, 0% used [0x00000000ebc00000,0x00000000ebc00000,0x00000000ebd00000)
 ParOldGen       total 68608K, used 52294K [0x00000000c0000000, 0x00000000c4300000, 0x00000000eab00000)
  object space 68608K, 76% used [0x00000000c0000000,0x00000000c3311960,0x00000000c4300000)
 Metaspace       used 65611K, committed 66816K, reserved 1114112K
  class space    used 6904K, committed 7424K, reserved 1048576K
}
Event: 12.395 GC heap before
{Heap before GC invocations=47 (full 3):
 PSYoungGen      total 15872K, used 15776K [0x00000000eab00000, 0x00000000ebd00000, 0x0000000100000000)
  eden space 15360K, 100% used [0x00000000eab00000,0x00000000eba00000,0x00000000eba00000)
  from space 512K, 81% used [0x00000000ebb00000,0x00000000ebb68000,0x00000000ebb80000)
  to   space 1024K, 0% used [0x00000000ebc00000,0x00000000ebc00000,0x00000000ebd00000)
 ParOldGen       total 68608K, used 52294K [0x00000000c0000000, 0x00000000c4300000, 0x00000000eab00000)
  object space 68608K, 76% used [0x00000000c0000000,0x00000000c3311960,0x00000000c4300000)
 Metaspace       used 65645K, committed 66880K, reserved 1114112K
  class space    used 6907K, committed 7424K, reserved 1048576K
}
Event: 12.397 GC heap after
{Heap after GC invocations=47 (full 3):
 PSYoungGen      total 16384K, used 1006K [0x00000000eab00000, 0x00000000ebd00000, 0x0000000100000000)
  eden space 15360K, 0% used [0x00000000eab00000,0x00000000eab00000,0x00000000eba00000)
  from space 1024K, 98% used [0x00000000ebc00000,0x00000000ebcfbb00,0x00000000ebd00000)
  to   space 1536K, 0% used [0x00000000eba00000,0x00000000eba00000,0x00000000ebb80000)
 ParOldGen       total 68608K, used 52422K [0x00000000c0000000, 0x00000000c4300000, 0x00000000eab00000)
  object space 68608K, 76% used [0x00000000c0000000,0x00000000c3331960,0x00000000c4300000)
 Metaspace       used 65645K, committed 66880K, reserved 1114112K
  class space    used 6907K, committed 7424K, reserved 1048576K
}
Event: 12.440 GC heap before
{Heap before GC invocations=48 (full 3):
 PSYoungGen      total 16384K, used 16366K [0x00000000eab00000, 0x00000000ebd00000, 0x0000000100000000)
  eden space 15360K, 100% used [0x00000000eab00000,0x00000000eba00000,0x00000000eba00000)
  from space 1024K, 98% used [0x00000000ebc00000,0x00000000ebcfbb00,0x00000000ebd00000)
  to   space 1536K, 0% used [0x00000000eba00000,0x00000000eba00000,0x00000000ebb80000)
 ParOldGen       total 68608K, used 52422K [0x00000000c0000000, 0x00000000c4300000, 0x00000000eab00000)
  object space 68608K, 76% used [0x00000000c0000000,0x00000000c3331960,0x00000000c4300000)
 Metaspace       used 65677K, committed 66880K, reserved 1114112K
  class space    used 6908K, committed 7424K, reserved 1048576K
}
Event: 12.442 GC heap after
{Heap after GC invocations=48 (full 3):
 PSYoungGen      total 16896K, used 1280K [0x00000000eab00000, 0x00000000ebd00000, 0x0000000100000000)
  eden space 15360K, 0% used [0x00000000eab00000,0x00000000eab00000,0x00000000eba00000)
  from space 1536K, 83% used [0x00000000eba00000,0x00000000ebb40000,0x00000000ebb80000)
  to   space 1536K, 0% used [0x00000000ebb80000,0x00000000ebb80000,0x00000000ebd00000)
 ParOldGen       total 68608K, used 53127K [0x00000000c0000000, 0x00000000c4300000, 0x00000000eab00000)
  object space 68608K, 77% used [0x00000000c0000000,0x00000000c33e1d60,0x00000000c4300000)
 Metaspace       used 65677K, committed 66880K, reserved 1114112K
  class space    used 6908K, committed 7424K, reserved 1048576K
}
Event: 12.489 GC heap before
{Heap before GC invocations=49 (full 3):
 PSYoungGen      total 16896K, used 16640K [0x00000000eab00000, 0x00000000ebd00000, 0x0000000100000000)
  eden space 15360K, 100% used [0x00000000eab00000,0x00000000eba00000,0x00000000eba00000)
  from space 1536K, 83% used [0x00000000eba00000,0x00000000ebb40000,0x00000000ebb80000)
  to   space 1536K, 0% used [0x00000000ebb80000,0x00000000ebb80000,0x00000000ebd00000)
 ParOldGen       total 68608K, used 53127K [0x00000000c0000000, 0x00000000c4300000, 0x00000000eab00000)
  object space 68608K, 77% used [0x00000000c0000000,0x00000000c33e1d60,0x00000000c4300000)
 Metaspace       used 65750K, committed 66944K, reserved 1114112K
  class space    used 6914K, committed 7424K, reserved 1048576K
}
Event: 12.491 GC heap after
{Heap after GC invocations=49 (full 3):
 PSYoungGen      total 16896K, used 1006K [0x00000000eab00000, 0x00000000ebd00000, 0x0000000100000000)
  eden space 15360K, 0% used [0x00000000eab00000,0x00000000eab00000,0x00000000eba00000)
  from space 1536K, 65% used [0x00000000ebb80000,0x00000000ebc7bb00,0x00000000ebd00000)
  to   space 1536K, 0% used [0x00000000eba00000,0x00000000eba00000,0x00000000ebb80000)
 ParOldGen       total 68608K, used 53815K [0x00000000c0000000, 0x00000000c4300000, 0x00000000eab00000)
  object space 68608K, 78% used [0x00000000c0000000,0x00000000c348dd60,0x00000000c4300000)
 Metaspace       used 65750K, committed 66944K, reserved 1114112K
  class space    used 6914K, committed 7424K, reserved 1048576K
}
Event: 12.524 GC heap before
{Heap before GC invocations=50 (full 3):
 PSYoungGen      total 16896K, used 16366K [0x00000000eab00000, 0x00000000ebd00000, 0x0000000100000000)
  eden space 15360K, 100% used [0x00000000eab00000,0x00000000eba00000,0x00000000eba00000)
  from space 1536K, 65% used [0x00000000ebb80000,0x00000000ebc7bb00,0x00000000ebd00000)
  to   space 1536K, 0% used [0x00000000eba00000,0x00000000eba00000,0x00000000ebb80000)
 ParOldGen       total 68608K, used 53815K [0x00000000c0000000, 0x00000000c4300000, 0x00000000eab00000)
  object space 68608K, 78% used [0x00000000c0000000,0x00000000c348dd60,0x00000000c4300000)
 Metaspace       used 65764K, committed 67008K, reserved 1114112K
  class space    used 6914K, committed 7424K, reserved 1048576K
}
Event: 12.526 GC heap after
{Heap after GC invocations=50 (full 3):
 PSYoungGen      total 16896K, used 1533K [0x00000000eab00000, 0x00000000ebd00000, 0x0000000100000000)
  eden space 15360K, 0% used [0x00000000eab00000,0x00000000eab00000,0x00000000eba00000)
  from space 1536K, 99% used [0x00000000eba00000,0x00000000ebb7f4c8,0x00000000ebb80000)
  to   space 1536K, 0% used [0x00000000ebb80000,0x00000000ebb80000,0x00000000ebd00000)
 ParOldGen       total 68608K, used 54616K [0x00000000c0000000, 0x00000000c4300000, 0x00000000eab00000)
  object space 68608K, 79% used [0x00000000c0000000,0x00000000c3556160,0x00000000c4300000)
 Metaspace       used 65764K, committed 67008K, reserved 1114112K
  class space    used 6914K, committed 7424K, reserved 1048576K
}

